生成启动时间为 2013/9/16 23:34:53。
     1>项目“G:\engineer\cs\project\rfidks\mysql\mysql.vcxproj”在节点 2 上(build 个目标)。
     1>InitializeBuildStatus:
         正在对“x64\Debug\mysql.unsuccessfulbuild”执行 Touch 任务。
       ClCompile:
         所有输出均为最新。
       ManifestResourceCompile:
         所有输出均为最新。
       Link:
         C:\Program Files (x86)\Microsoft Visual Studio 10.0\VC\bin\x86_amd64\link.exe /ERRORREPORT:PROMPT /OUT:"G:\engineer\cs\project\rfidks\x64\Debug\mysql.exe" /INCREMENTAL /NOLOGO /LIBPATH:"C:\Program Files\MySQL\MySQL Connector C 6.1\lib" libmySQL.lib kernel32.lib user32.lib gdi32.lib winspool.lib comdlg32.lib advapi32.lib shell32.lib ole32.lib oleaut32.lib uuid.lib odbc32.lib odbccp32.lib /MANIFEST /ManifestFile:"x64\Debug\mysql.exe.intermediate.manifest" /MANIFESTUAC:"level='asInvoker' uiAccess='false'" /DEBUG /PDB:"G:\engineer\cs\project\rfidks\x64\Debug\mysql.pdb" /SUBSYSTEM:CONSOLE /TLBID:1 /DYNAMICBASE /NXCOMPAT /IMPLIB:"G:\engineer\cs\project\rfidks\x64\Debug\mysql.lib" /MACHINE:X64 x64\Debug\mysql.exe.embed.manifest.res
         x64\Debug\createdb.obj
         mysql.vcxproj -> G:\engineer\cs\project\rfidks\x64\Debug\mysql.exe
       Manifest:
         C:\Program Files (x86)\Microsoft SDKs\Windows\v7.0A\bin\mt.exe /nologo /verbose /out:"x64\Debug\mysql.exe.embed.manifest" /manifest x64\Debug\mysql.exe.intermediate.manifest
         所有输出均为最新。
       LinkEmbedManifest:
         所有输出均为最新。
         mysql.vcxproj -> G:\engineer\cs\project\rfidks\x64\Debug\mysql.exe
       FinalizeBuildStatus:
         正在删除文件“x64\Debug\mysql.unsuccessfulbuild”。
         正在对“x64\Debug\mysql.lastbuildstate”执行 Touch 任务。
     1>已完成生成项目“G:\engineer\cs\project\rfidks\mysql\mysql.vcxproj”(build 个目标)的操作。

生成成功。

已用时间 00:00:00.93
