G:\engineer\cs\project\rfidks\mysql\x64\Debug\cl.command.1.tlog
G:\engineer\cs\project\rfidks\mysql\x64\Debug\CL.read.1.tlog
G:\engineer\cs\project\rfidks\mysql\x64\Debug\CL.write.1.tlog
G:\ENGINEER\CS\PROJECT\RFIDKS\MYSQL\X64\DEBUG\CREATEDB.OBJ
G:\engineer\cs\project\rfidks\mysql\x64\Debug\link.4568.read.1.tlog
G:\engineer\cs\project\rfidks\mysql\x64\Debug\link.4568.write.1.tlog
G:\engineer\cs\project\rfidks\mysql\x64\Debug\link.4568-cvtres.read.1.tlog
G:\engineer\cs\project\rfidks\mysql\x64\Debug\link.4568-cvtres.write.1.tlog
G:\engineer\cs\project\rfidks\mysql\x64\Debug\link.7724.read.1.tlog
G:\engineer\cs\project\rfidks\mysql\x64\Debug\link.7724.write.1.tlog
G:\engineer\cs\project\rfidks\mysql\x64\Debug\link.7724-cvtres.read.1.tlog
G:\engineer\cs\project\rfidks\mysql\x64\Debug\link.7724-cvtres.write.1.tlog
G:\engineer\cs\project\rfidks\mysql\x64\Debug\link.command.1.tlog
G:\engineer\cs\project\rfidks\mysql\x64\Debug\link.read.1.tlog
G:\engineer\cs\project\rfidks\mysql\x64\Debug\link.write.1.tlog
G:\engineer\cs\project\rfidks\mysql\x64\Debug\link-cvtres.read.1.tlog
G:\engineer\cs\project\rfidks\mysql\x64\Debug\link-cvtres.write.1.tlog
G:\engineer\cs\project\rfidks\mysql\x64\Debug\mt.command.1.tlog
G:\engineer\cs\project\rfidks\mysql\x64\Debug\mt.read.1.tlog
G:\engineer\cs\project\rfidks\mysql\x64\Debug\mt.write.1.tlog
G:\ENGINEER\CS\PROJECT\RFIDKS\MYSQL\X64\DEBUG\MYSQL.EXE.EMBED.MANIFEST
G:\ENGINEER\CS\PROJECT\RFIDKS\MYSQL\X64\DEBUG\MYSQL.EXE.EMBED.MANIFEST.RES
G:\ENGINEER\CS\PROJECT\RFIDKS\MYSQL\X64\DEBUG\MYSQL.EXE.INTERMEDIATE.MANIFEST
G:\engineer\cs\project\rfidks\mysql\x64\Debug\mysql_manifest.rc
G:\engineer\cs\project\rfidks\mysql\x64\Debug\rc.command.1.tlog
G:\engineer\cs\project\rfidks\mysql\x64\Debug\rc.read.1.tlog
G:\engineer\cs\project\rfidks\mysql\x64\Debug\rc.write.1.tlog
G:\engineer\cs\project\rfidks\mysql\x64\Debug\vc100.idb
G:\ENGINEER\CS\PROJECT\RFIDKS\MYSQL\X64\DEBUG\VC100.PDB
G:\ENGINEER\CS\PROJECT\RFIDKS\X64\DEBUG\MYSQL.EXE
G:\ENGINEER\CS\PROJECT\RFIDKS\X64\DEBUG\MYSQL.ILK
G:\ENGINEER\CS\PROJECT\RFIDKS\X64\DEBUG\MYSQL.PDB
